<?xml version="1.0" encoding="UTF-8"?>
<testng-results ignored="0" total="0" passed="0" failed="0" skipped="0">
  <reporter-output>
  </reporter-output>
  <suite started-at="2023-05-29T15:19:30 EEST" name="PageTest" finished-at="2023-05-29T15:19:30 EEST" duration-ms="9">
    <groups>
    </groups>
    <test started-at="2023-05-29T15:19:30 EEST" name="Command line test" finished-at="2023-05-29T15:19:30 EEST" duration-ms="9">
    </test> <!-- Command line test -->
  </suite> <!-- PageTest -->
</testng-results>
